<?xml version="1.0" encoding="UTF-8"?>
<!-- Generated by org.testng.reporters.JUnitReportReporter -->
<testsuite skipped="0" hostname="Ash-Notebook" name="APITestCases.TC02_POST_REQUEST" tests="1" failures="0" timestamp="2021-02-16T19:58:23 EST" time="2.766" errors="0">
  <testcase name="RegisterSuccessfully" time="2.766" classname="APITestCases.TC02_POST_REQUEST"/>
  <system-out/>
</testsuite> <!-- APITestCases.TC02_POST_REQUEST -->
