<?xml version="1.0" encoding="UTF-8"?>
<!-- Generated by org.testng.reporters.JUnitReportReporter -->
<testsuite hostname="Ash-Notebook" failures="0" tests="1" name="APITestCases.TC02_POST_REQUEST" time="2.951" errors="0" timestamp="2021-07-02T16:55:23 EDT" skipped="0">
  <testcase classname="APITestCases.TC02_POST_REQUEST" name="RegisterSuccessfully" time="2.951"/>
  <system-out/>
</testsuite> <!-- APITestCases.TC02_POST_REQUEST -->
