<?xml version="1.0" encoding="UTF-8"?>
<!-- Generated by org.testng.reporters.JUnitReportReporter -->
<testsuite skipped="0" hostname="Ash-Notebook" name="APITestCases.TC01_GET_REQUEST" tests="1" failures="0" timestamp="2021-02-13T18:11:12 EST" time="2.063" errors="0">
  <testcase name="getemployeeDetails" time="2.063" classname="APITestCases.TC01_GET_REQUEST"/>
  <system-out/>
</testsuite> <!-- APITestCases.TC01_GET_REQUEST -->
